<?xml version="1.0" encoding="UTF-8"?>
<!-- Generated by org.testng.reporters.JUnitReportReporter -->
<testsuite hostname="LAPTOP-14OQ35H4" failures="0" tests="1" name="testpkg.sample1" time="0.007" errors="0" timestamp="2022-10-04T21:14:10 IST" skipped="0">
  <testcase classname="testpkg.sample1" name="demo" time="0.007"/>
  <system-out/>
</testsuite> <!-- testpkg.sample1 -->
