<?xml version="1.0" encoding="UTF-8"?>
<!-- Generated by org.testng.reporters.JUnitReportReporter -->
<testsuite hostname="LAPTOP-14OQ35H4" failures="0" tests="3" name="loanapplications.CarLoanApplicationTests" time="0.007" errors="0" timestamp="2022-10-04T21:14:10 IST" skipped="1">
  <testcase classname="loanapplications.CarLoanApplicationTests" name="CarLoanLoginWeb" time="0.006"/>
  <system-out/>
  <testcase classname="loanapplications.CarLoanApplicationTests" name="CarLoanLoginAPI" time="0.001"/>
  <system-out/>
  <testcase classname="loanapplications.CarLoanApplicationTests" name="CarLoanLoginMobile">
    <skipped/>
  </testcase> <!-- CarLoanLoginMobile -->
  <system-out/>
</testsuite> <!-- loanapplications.CarLoanApplicationTests -->
