<?xml version="1.0" encoding="UTF-8"?>
<!-- Generated by org.testng.reporters.JUnitReportReporter -->
<testsuite hostname="LAPTOP-14OQ35H4" failures="0" tests="1" name="loanapplications.HomeLoanApplicationTests" time="0.014" errors="0" timestamp="2022-10-18T14:20:38 IST" skipped="0">
  <testcase classname="loanapplications.HomeLoanApplicationTests" name="APIHomeLoan" time="0.014"/>
  <system-out/>
</testsuite> <!-- loanapplications.HomeLoanApplicationTests -->
